{"/home/flavia/Documentos/{Reprograma}/imersao-js-on21-oficina1/src/dominio/calculadora/Hora/valorHora.js": {"path":"/home/flavia/Documentos/{Reprograma}/imersao-js-on21-oficina1/src/dominio/calculadora/Hora/valorHora.js","statementMap":{"0":{"start":{"line":4,"column":4},"end":{"line":4,"column":39}},"1":{"start":{"line":6,"column":29},"end":{"line":11,"column":1}},"2":{"start":{"line":7,"column":34},"end":{"line":7,"column":67}},"3":{"start":{"line":8,"column":23},"end":{"line":8,"column":59}},"4":{"start":{"line":10,"column":2},"end":{"line":10,"column":33}},"5":{"start":{"line":13,"column":0},"end":{"line":13,"column":52}}},"fnMap":{"0":{"name":"(anonymous_0)","decl":{"start":{"line":6,"column":29},"end":{"line":6,"column":30}},"loc":{"start":{"line":6,"column":46},"end":{"line":11,"column":1}},"line":6}},"branchMap":{},"s":{"0":2,"1":2,"2":2,"3":2,"4":2,"5":2},"f":{"0":2},"b":{},"_coverageSchema":"1a1c01bbd47fc00a2c39e90264f33305004495a9","hash":"5e30924bcdce4731a7783c5ca2d025fe7cb40ab7"}
,"/home/flavia/Documentos/{Reprograma}/imersao-js-on21-oficina1/src/dominio/calculadora/Projeto/horasPorProjeto.js": {"path":"/home/flavia/Documentos/{Reprograma}/imersao-js-on21-oficina1/src/dominio/calculadora/Projeto/horasPorProjeto.js","statementMap":{"0":{"start":{"line":1,"column":37},"end":{"line":1,"column":72}},"1":{"start":{"line":3,"column":31},"end":{"line":7,"column":1}},"2":{"start":{"line":4,"column":2},"end":{"line":6,"column":57}},"3":{"start":{"line":5,"column":17},"end":{"line":5,"column":47}},"4":{"start":{"line":6,"column":35},"end":{"line":6,"column":53}},"5":{"start":{"line":9,"column":0},"end":{"line":9,"column":56}}},"fnMap":{"0":{"name":"(anonymous_0)","decl":{"start":{"line":3,"column":31},"end":{"line":3,"column":32}},"loc":{"start":{"line":4,"column":2},"end":{"line":6,"column":57}},"line":4},"1":{"name":"(anonymous_1)","decl":{"start":{"line":5,"column":9},"end":{"line":5,"column":10}},"loc":{"start":{"line":5,"column":17},"end":{"line":5,"column":47}},"line":5},"2":{"name":"(anonymous_2)","decl":{"start":{"line":6,"column":12},"end":{"line":6,"column":13}},"loc":{"start":{"line":6,"column":35},"end":{"line":6,"column":53}},"line":6}},"branchMap":{},"s":{"0":2,"1":2,"2":2,"3":9,"4":9,"5":2},"f":{"0":2,"1":9,"2":9},"b":{},"_coverageSchema":"1a1c01bbd47fc00a2c39e90264f33305004495a9","hash":"0bdb7b7d219be1c6d0839dbfa037b384c1be293b"}
,"/home/flavia/Documentos/{Reprograma}/imersao-js-on21-oficina1/src/dominio/calculadora/constantes/constantes.js": {"path":"/home/flavia/Documentos/{Reprograma}/imersao-js-on21-oficina1/src/dominio/calculadora/constantes/constantes.js","statementMap":{"0":{"start":{"line":1,"column":26},"end":{"line":1,"column":28}},"1":{"start":{"line":2,"column":22},"end":{"line":2,"column":23}},"2":{"start":{"line":4,"column":29},"end":{"line":8,"column":1}},"3":{"start":{"line":10,"column":37},"end":{"line":14,"column":1}},"4":{"start":{"line":16,"column":33},"end":{"line":25,"column":1}},"5":{"start":{"line":27,"column":0},"end":{"line":33,"column":1}}},"fnMap":{},"branchMap":{},"s":{"0":5,"1":5,"2":5,"3":5,"4":5,"5":5},"f":{},"b":{},"_coverageSchema":"1a1c01bbd47fc00a2c39e90264f33305004495a9","hash":"b4574507e73925478043f65e7d669569b4078a2e"}
,"/home/flavia/Documentos/{Reprograma}/imersao-js-on21-oficina1/src/entregasDesafio/flavia-dos-reis/pacote.js": {"path":"/home/flavia/Documentos/{Reprograma}/imersao-js-on21-oficina1/src/entregasDesafio/flavia-dos-reis/pacote.js","statementMap":{"0":{"start":{"line":1,"column":33},"end":{"line":1,"column":91}},"1":{"start":{"line":3,"column":23},"end":{"line":5,"column":4}},"2":{"start":{"line":3,"column":51},"end":{"line":5,"column":4}},"3":{"start":{"line":4,"column":26},"end":{"line":4,"column":57}},"4":{"start":{"line":7,"column":0},"end":{"line":7,"column":40}}},"fnMap":{"0":{"name":"(anonymous_0)","decl":{"start":{"line":3,"column":23},"end":{"line":3,"column":24}},"loc":{"start":{"line":3,"column":51},"end":{"line":5,"column":4}},"line":3},"1":{"name":"(anonymous_1)","decl":{"start":{"line":4,"column":8},"end":{"line":4,"column":9}},"loc":{"start":{"line":4,"column":26},"end":{"line":4,"column":57}},"line":4}},"branchMap":{},"s":{"0":1,"1":1,"2":3,"3":6,"4":1},"f":{"0":3,"1":6},"b":{},"_coverageSchema":"1a1c01bbd47fc00a2c39e90264f33305004495a9","hash":"35f4aabe0b564b7e7361894801527ece62af64bc"}
}
